2017-05-02 13:46:38 [127.0.0.1][-][9dpqd073epjjqrs0ccf6ej8da3][error][yii\db\Exception] PDOException: SQLSTATE[42S02]: Base table or view not found: 1146 Table 'recepcionproduc.user' doesn't exist in /var/www/recepcionproduc/recepcionproduc/vendor/yiisoft/yii2/db/Command.php:902
Stack trace:
#0 /var/www/recepcionproduc/recepcionproduc/vendor/yiisoft/yii2/db/Command.php(902): PDOStatement->execute()
#1 /var/www/recepcionproduc/recepcionproduc/vendor/yiisoft/yii2/db/Command.php(388): yii\db\Command->queryInternal('fetchColumn', 0)
#2 /var/www/recepcionproduc/recepcionproduc/vendor/yiisoft/yii2/db/Query.php(395): yii\db\Command->queryScalar()
#3 /var/www/recepcionproduc/recepcionproduc/vendor/yiisoft/yii2/validators/UniqueValidator.php(162): yii\db\Query->exists()
#4 /var/www/recepcionproduc/recepcionproduc/vendor/yiisoft/yii2/validators/UniqueValidator.php(135): yii\validators\UniqueValidator->modelExists('\\common\\models\\...', Array, Object(frontend\models\SignupForm))
#5 /var/www/recepcionproduc/recepcionproduc/vendor/yiisoft/yii2/validators/Validator.php(267): yii\validators\UniqueValidator->validateAttribute(Object(frontend\models\SignupForm), 'username')
#6 /var/www/recepcionproduc/recepcionproduc/vendor/yiisoft/yii2/base/Model.php(358): yii\validators\Validator->validateAttributes(Object(frontend\models\SignupForm), Array)
#7 /var/www/recepcionproduc/recepcionproduc/frontend/models/SignupForm.php(46): yii\base\Model->validate()
#8 /var/www/recepcionproduc/recepcionproduc/frontend/controllers/SiteController.php(153): frontend\models\SignupForm->signup()
#9 [internal function]: frontend\controllers\SiteController->actionSignup()
#10 /var/www/recepcionproduc/recepcionproduc/vendor/yiisoft/yii2/base/InlineAction.php(57): call_user_func_array(Array, Array)
#11 /var/www/recepcionproduc/recepcionproduc/vendor/yiisoft/yii2/base/Controller.php(156): yii\base\InlineAction->runWithParams(Array)
#12 /var/www/recepcionproduc/recepcionproduc/vendor/yiisoft/yii2/base/Module.php(523): yii\base\Controller->runAction('signup', Array)
#13 /var/www/recepcionproduc/recepcionproduc/vendor/yiisoft/yii2/web/Application.php(102): yii\base\Module->runAction('site/signup', Array)
#14 /var/www/recepcionproduc/recepcionproduc/vendor/yiisoft/yii2/base/Application.php(380): yii\web\Application->handleRequest(Object(yii\web\Request))
#15 /var/www/recepcionproduc/recepcionproduc/frontend/web/index.php(17): yii\base\Application->run()
#16 {main}

Next yii\db\Exception: SQLSTATE[42S02]: Base table or view not found: 1146 Table 'recepcionproduc.user' doesn't exist
The SQL being executed was: SELECT EXISTS(SELECT * FROM `user` WHERE (`username`='admin')) in /var/www/recepcionproduc/recepcionproduc/vendor/yiisoft/yii2/db/Schema.php:636
Stack trace:
#0 /var/www/recepcionproduc/recepcionproduc/vendor/yiisoft/yii2/db/Command.php(917): yii\db\Schema->convertException(Object(PDOException), 'SELECT EXISTS(S...')
#1 /var/www/recepcionproduc/recepcionproduc/vendor/yiisoft/yii2/db/Command.php(388): yii\db\Command->queryInternal('fetchColumn', 0)
#2 /var/www/recepcionproduc/recepcionproduc/vendor/yiisoft/yii2/db/Query.php(395): yii\db\Command->queryScalar()
#3 /var/www/recepcionproduc/recepcionproduc/vendor/yiisoft/yii2/validators/UniqueValidator.php(162): yii\db\Query->exists()
#4 /var/www/recepcionproduc/recepcionproduc/vendor/yiisoft/yii2/validators/UniqueValidator.php(135): yii\validators\UniqueValidator->modelExists('\\common\\models\\...', Array, Object(frontend\models\SignupForm))
#5 /var/www/recepcionproduc/recepcionproduc/vendor/yiisoft/yii2/validators/Validator.php(267): yii\validators\UniqueValidator->validateAttribute(Object(frontend\models\SignupForm), 'username')
#6 /var/www/recepcionproduc/recepcionproduc/vendor/yiisoft/yii2/base/Model.php(358): yii\validators\Validator->validateAttributes(Object(frontend\models\SignupForm), Array)
#7 /var/www/recepcionproduc/recepcionproduc/frontend/models/SignupForm.php(46): yii\base\Model->validate()
#8 /var/www/recepcionproduc/recepcionproduc/frontend/controllers/SiteController.php(153): frontend\models\SignupForm->signup()
#9 [internal function]: frontend\controllers\SiteController->actionSignup()
#10 /var/www/recepcionproduc/recepcionproduc/vendor/yiisoft/yii2/base/InlineAction.php(57): call_user_func_array(Array, Array)
#11 /var/www/recepcionproduc/recepcionproduc/vendor/yiisoft/yii2/base/Controller.php(156): yii\base\InlineAction->runWithParams(Array)
#12 /var/www/recepcionproduc/recepcionproduc/vendor/yiisoft/yii2/base/Module.php(523): yii\base\Controller->runAction('signup', Array)
#13 /var/www/recepcionproduc/recepcionproduc/vendor/yiisoft/yii2/web/Application.php(102): yii\base\Module->runAction('site/signup', Array)
#14 /var/www/recepcionproduc/recepcionproduc/vendor/yiisoft/yii2/base/Application.php(380): yii\web\Application->handleRequest(Object(yii\web\Request))
#15 /var/www/recepcionproduc/recepcionproduc/frontend/web/index.php(17): yii\base\Application->run()
#16 {main}
Additional Information:
Array
(
    [0] => 42S02
    [1] => 1146
    [2] => Table 'recepcionproduc.user' doesn't exist
)

2017-05-02 13:46:38 [127.0.0.1][-][9dpqd073epjjqrs0ccf6ej8da3][info][application] $_GET = [
    'r' => 'site/signup'
]

$_POST = [
    '_csrf-frontend' => 'LkU0UWhtTENUFE4EGSk.C14EcQgQOS0NYTwNZhE0FBVKM2UdDwQ.dg=='
    'SignupForm' => [
        'username' => 'admin'
        'email' => 'admin@admin.colm'
        'password' => '12345678'
    ]
    'signup-button' => ''
]

$_COOKIE = [
    'advanced-frontend' => '9dpqd073epjjqrs0ccf6ej8da3'
    '_csrf-frontend' => '75bb76478e0cb57f8226968415fc64041d67cc8e5c0deabbe539e762dadc57f6a:2:{i:0;s:14:\"_csrf-frontend\";i:1;s:32:\"zQzUqDrHpAEYxTaNOy97yYXVdvQLgir5\";}'
    'advanced-backend' => 'fs6qla5bls64p4de5grcljnk31'
    '_csrf-backend' => '96f48744894da6b0af6affca68c78a47c2105922b7e06a4b3df79918e2069bf9a:2:{i:0;s:13:\"_csrf-backend\";i:1;s:32:\"skYDzGX3TZM-RjdwaenVa0dfTbFTwcNA\";}'
]

$_SESSION = [
    '__flash' => []
]

$_SERVER = [
    'SCRIPT_URL' => '/index.php'
    'SCRIPT_URI' => 'http://recepcionproduc.local/index.php'
    'HTTP_HOST' => 'recepcionproduc.local'
    'HTTP_CONNECTION' => 'keep-alive'
    'CONTENT_LENGTH' => '196'
    'HTTP_CACHE_CONTROL' => 'max-age=0'
    'HTTP_ORIGIN' => 'http://recepcionproduc.local'
    'HTTP_UPGRADE_INSECURE_REQUESTS' => '1'
    'HTTP_USER_AGENT' => 'Mozilla/5.0 (X11; Linux x86_64) AppleWebKit/537.36 (KHTML, like Gecko) Chrome/58.0.3029.81 Safari/537.36'
    'CONTENT_TYPE' => 'application/x-www-form-urlencoded'
    'HTTP_ACCEPT' => 'text/html,application/xhtml+xml,application/xml;q=0.9,image/webp,*/*;q=0.8'
    'HTTP_REFERER' => 'http://recepcionproduc.local/index.php?r=site%2Fsignup'
    'HTTP_ACCEPT_ENCODING' => 'gzip, deflate'
    'HTTP_ACCEPT_LANGUAGE' => 'es-419,es;q=0.8,en;q=0.6'
    'HTTP_COOKIE' => 'advanced-frontend=9dpqd073epjjqrs0ccf6ej8da3; _csrf-frontend=75bb76478e0cb57f8226968415fc64041d67cc8e5c0deabbe539e762dadc57f6a%3A2%3A%7Bi%3A0%3Bs%3A14%3A%22_csrf-frontend%22%3Bi%3A1%3Bs%3A32%3A%22zQzUqDrHpAEYxTaNOy97yYXVdvQLgir5%22%3B%7D; advanced-backend=fs6qla5bls64p4de5grcljnk31; _csrf-backend=96f48744894da6b0af6affca68c78a47c2105922b7e06a4b3df79918e2069bf9a%3A2%3A%7Bi%3A0%3Bs%3A13%3A%22_csrf-backend%22%3Bi%3A1%3Bs%3A32%3A%22skYDzGX3TZM-RjdwaenVa0dfTbFTwcNA%22%3B%7D'
    'PATH' => '/usr/local/sbin:/usr/local/bin:/usr/sbin:/usr/bin:/sbin:/bin'
    'SERVER_SIGNATURE' => '<address>Apache/2.4.18 (Ubuntu) Server at recepcionproduc.local Port 80</address>
'
    'SERVER_SOFTWARE' => 'Apache/2.4.18 (Ubuntu)'
    'SERVER_NAME' => 'recepcionproduc.local'
    'SERVER_ADDR' => '127.0.1.1'
    'SERVER_PORT' => '80'
    'REMOTE_ADDR' => '127.0.0.1'
    'DOCUMENT_ROOT' => '/var/www/recepcionproduc/recepcionproduc/'
    'REQUEST_SCHEME' => 'http'
    'CONTEXT_PREFIX' => ''
    'CONTEXT_DOCUMENT_ROOT' => '/var/www/recepcionproduc/recepcionproduc/'
    'SERVER_ADMIN' => '[no address given]'
    'SCRIPT_FILENAME' => '/var/www/recepcionproduc/recepcionproduc/frontend/web/index.php'
    'REMOTE_PORT' => '57214'
    'GATEWAY_INTERFACE' => 'CGI/1.1'
    'SERVER_PROTOCOL' => 'HTTP/1.1'
    'REQUEST_METHOD' => 'POST'
    'QUERY_STRING' => 'r=site%2Fsignup'
    'REQUEST_URI' => '/index.php?r=site%2Fsignup'
    'SCRIPT_NAME' => '/index.php'
    'PHP_SELF' => '/index.php'
    'REQUEST_TIME_FLOAT' => 1493732798.776
    'REQUEST_TIME' => 1493732798
]
